<?xml version="1.0" encoding="UTF-8"?>
<testsuite name="PasswordCheckerTest" tests="3" skipped="0" failures="0" errors="0" timestamp="2020-03-11T08:59:41" hostname="recruit-Lenovo-Product" time="0.025">
  <properties/>
  <testcase name="hasSpecial()" classname="PasswordCheckerTest" time="0.015"/>
  <testcase name="passwordIsValid()" classname="PasswordCheckerTest" time="0.005"/>
  <testcase name="passwordIsOk()" classname="PasswordCheckerTest" time="0.001"/>
  <system-out><![CDATA[length is ok
Password meets at least 3 conditions
password is strong and valid!!
]]></system-out>
  <system-err><![CDATA[]]></system-err>
</testsuite>
